<?xml version="1.0" encoding="UTF-8"?>
<!-- Generated by org.testng.reporters.JUnitReportReporter -->
<testsuite skipped="0" hostname="LAPTOP-C85JR1KG" name="testng.ParametersExample1" tests="1" failures="0" timestamp="07 Dec 2018 07:11:54 GMT" time="39.394" errors="0">
  <testcase name="beforeTest" time="39.394" classname="testng.ParametersExample1"/>
</testsuite> <!-- testng.ParametersExample1 -->
