<?xml version="1.0" encoding="UTF-8"?>
<!-- Generated by org.testng.reporters.JUnitReportReporter -->
<testsuite skipped="0" hostname="LAPTOP-C85JR1KG" name="testng.HiddenElementsExample1" tests="1" failures="0" timestamp="02 Dec 2018 03:01:52 GMT" time="26.432" errors="0">
  <testcase name="f" time="26.432" classname="testng.HiddenElementsExample1"/>
</testsuite> <!-- testng.HiddenElementsExample1 -->
