<?xml version="1.0" encoding="UTF-8"?>
<!-- Generated by org.testng.reporters.JUnitReportReporter -->
<testsuite skipped="0" hostname="LAPTOP-C85JR1KG" name="testng.SelectExample1" tests="1" failures="0" timestamp="17 Nov 2018 11:13:08 GMT" time="6.319" errors="0">
  <testcase name="f" time="6.319" classname="testng.SelectExample1"/>
</testsuite> <!-- testng.SelectExample1 -->
