<?xml version="1.0" encoding="UTF-8"?>
<!-- Generated by org.testng.reporters.JUnitReportReporter -->
<testsuite skipped="0" hostname="LAPTOP-C85JR1KG" name="testng.RobotExample1" tests="1" failures="0" timestamp="20 Nov 2018 02:12:08 GMT" time="33.511" errors="0">
  <testcase name="f" time="33.511" classname="testng.RobotExample1"/>
</testsuite> <!-- testng.RobotExample1 -->
