<?xml version="1.0" encoding="UTF-8"?>
<!-- Generated by org.testng.reporters.JUnitReportReporter -->
<testsuite skipped="0" hostname="LAPTOP-C85JR1KG" name="testng.CalendarExample1" tests="1" failures="0" timestamp="26 Nov 2018 05:14:50 GMT" time="5.228" errors="0">
  <testcase name="f" time="5.228" classname="testng.CalendarExample1"/>
</testsuite> <!-- testng.CalendarExample1 -->
