<?xml version="1.0" encoding="UTF-8"?>
<!-- Generated by org.testng.reporters.JUnitReportReporter -->
<testsuite skipped="0" hostname="LAPTOP-C85JR1KG" name="package1.Testng3" tests="2" failures="0" timestamp="14 Nov 2018 03:52:59 GMT" time="33.919" errors="0">
  <testcase name="f10" time="11.751" classname="package1.Testng3"/>
  <testcase name="f8" time="22.168" classname="package1.Testng3"/>
</testsuite> <!-- package1.Testng3 -->
