<?xml version="1.0" encoding="UTF-8"?>
<!-- Generated by org.testng.reporters.JUnitReportReporter -->
<testsuite skipped="1" hostname="LAPTOP-C85JR1KG" name="testng.DataProviderExample1" tests="1" failures="0" timestamp="07 Dec 2018 10:27:16 GMT" time="0.000" errors="0">
  <testcase name="f" time="0.000" classname="testng.DataProviderExample1">
    <skipped/>
  </testcase> <!-- f -->
</testsuite> <!-- testng.DataProviderExample1 -->
