<?xml version="1.0" encoding="UTF-8"?>
<!-- Generated by org.testng.reporters.JUnitReportReporter -->
<testsuite skipped="0" hostname="LAPTOP-C85JR1KG" name="testng.Log4jExample1" tests="1" failures="0" timestamp="28 Nov 2018 01:38:17 GMT" time="5.614" errors="0">
  <testcase name="f" time="5.614" classname="testng.Log4jExample1"/>
</testsuite> <!-- testng.Log4jExample1 -->
