<?xml version="1.0" encoding="UTF-8"?>
<!-- Generated by org.testng.reporters.JUnitReportReporter -->
<testsuite skipped="0" hostname="LAPTOP-C85JR1KG" name="testng.ScrollIntoViewExample1" tests="1" failures="0" timestamp="30 Nov 2018 02:22:21 GMT" time="25.865" errors="0">
  <testcase name="f" time="25.865" classname="testng.ScrollIntoViewExample1"/>
</testsuite> <!-- testng.ScrollIntoViewExample1 -->
