<?xml version="1.0" encoding="UTF-8"?>
<!-- Generated by org.testng.reporters.JUnitReportReporter -->
<testsuite skipped="0" hostname="LAPTOP-C85JR1KG" name="testng.ActionsExample1" tests="1" failures="0" timestamp="20 Nov 2018 02:22:52 GMT" time="32.564" errors="0">
  <testcase name="f" time="32.564" classname="testng.ActionsExample1"/>
</testsuite> <!-- testng.ActionsExample1 -->
