<?xml version="1.0" encoding="UTF-8"?>
<!-- Generated by org.testng.reporters.JUnitReportReporter -->
<testsuite skipped="0" hostname="LAPTOP-C85JR1KG" name="package2.Testng9" tests="6" failures="0" timestamp="16 Nov 2018 01:55:45 GMT" time="0.001" errors="0">
  <testcase name="f7" time="0.000" classname="package2.Testng9"/>
  <testcase name="f4" time="0.000" classname="package2.Testng9"/>
  <testcase name="f5" time="0.000" classname="package2.Testng9"/>
  <testcase name="f8" time="0.001" classname="package2.Testng9"/>
  <testcase name="f6" time="0.000" classname="package2.Testng9"/>
  <testcase name="f9" time="0.000" classname="package2.Testng9"/>
</testsuite> <!-- package2.Testng9 -->
