<?xml version="1.0" encoding="UTF-8"?>
<!-- Generated by org.testng.reporters.JUnitReportReporter -->
<testsuite skipped="0" hostname="LAPTOP-C85JR1KG" name="package2.Testng3" tests="2" failures="0" timestamp="16 Nov 2018 01:55:45 GMT" time="49.388" errors="0">
  <testcase name="f10" time="23.204" classname="package2.Testng3"/>
  <testcase name="f8" time="26.184" classname="package2.Testng3"/>
</testsuite> <!-- package2.Testng3 -->
